# JRE version: OpenJDK Runtime Environment Temurin-21.0.9+10 (21.0.9+10) (build 21.0.9+10-LTS)
# Java VM: OpenJDK 64-Bit Server VM Temurin-21.0.9+10 (21.0.9+10-LTS, mixed mode, sharing, tiered, compressed oops, compressed class ptrs, parallel gc, windows-amd64)
GC Precious Log:
 CardTable entry size: 512
 CPUs: 8 total, 8 available
 Memory: 7998M
 Large Page Support: Disabled
 NUMA Support: Disabled
 Compressed Oops: Enabled (32-bit)
 Alignments: Space 512K, Generation 512K, Heap 2M
 Heap Min Capacity: 100M
 Heap Initial Capacity: 100M
 Heap Max Capacity: 2G
 Pre-touch: Disabled
 Parallel Workers: 8
Heap:
 PSYoungGen      total 38912K, used 7851K [0x00000000d5580000, 0x00000000d8100000, 0x0000000100000000)
  eden space 30208K, 21% used [0x00000000d5580000,0x00000000d5bbae20,0x00000000d7300000)
  from space 8704K, 16% used [0x00000000d7300000,0x00000000d7470040,0x00000000d7b80000)
  to   space 4096K, 0% used [0x00000000d7d00000,0x00000000d7d00000,0x00000000d8100000)
 ParOldGen       total 389120K, used 347672K [0x0000000080000000, 0x0000000097c00000, 0x00000000d5580000)
  object space 389120K, 89% used [0x0000000080000000,0x0000000095386190,0x0000000097c00000)
 Metaspace       used 84682K, committed 86336K, reserved 1179648K
  class space    used 8700K, committed 9408K, reserved 1048576K
GC Heap History (20 events):
Event: 14188.510 GC heap before
{Heap before GC invocations=756 (full 4):
 PSYoungGen      total 18432K, used 17664K [0x00000000d5580000, 0x00000000d6e00000, 0x0000000100000000)
  eden space 17408K, 100% used [0x00000000d5580000,0x00000000d6680000,0x00000000d6680000)
  from space 1024K, 25% used [0x00000000d6c00000,0x00000000d6c40000,0x00000000d6d00000)
  to   space 512K, 0% used [0x00000000d6d80000,0x00000000d6d80000,0x00000000d6e00000)
 ParOldGen       total 389120K, used 302023K [0x0000000080000000, 0x0000000097c00000, 0x00000000d5580000)
  object space 389120K, 77% used [0x0000000080000000,0x00000000926f1f90,0x0000000097c00000)
 Metaspace       used 84479K, committed 86080K, reserved 1179648K
  class space    used 8700K, committed 9408K, reserved 1048576K
}
Event: 14188.696 GC heap after
{Heap after GC invocations=756 (full 4):
 PSYoungGen      total 17920K, used 509K [0x00000000d5580000, 0x00000000d7380000, 0x0000000100000000)
  eden space 17408K, 0% used [0x00000000d5580000,0x00000000d5580000,0x00000000d6680000)
  from space 512K, 99% used [0x00000000d6d80000,0x00000000d6dff620,0x00000000d6e00000)
  to   space 6656K, 0% used [0x00000000d6680000,0x00000000d6680000,0x00000000d6d00000)
 ParOldGen       total 389120K, used 306968K [0x0000000080000000, 0x0000000097c00000, 0x00000000d5580000)
  object space 389120K, 78% used [0x0000000080000000,0x0000000092bc63b0,0x0000000097c00000)
 Metaspace       used 84479K, committed 86080K, reserved 1179648K
  class space    used 8700K, committed 9408K, reserved 1048576K
}
Event: 14189.398 GC heap before
{Heap before GC invocations=757 (full 4):
 PSYoungGen      total 17920K, used 17917K [0x00000000d5580000, 0x00000000d7380000, 0x0000000100000000)
  eden space 17408K, 100% used [0x00000000d5580000,0x00000000d6680000,0x00000000d6680000)
  from space 512K, 99% used [0x00000000d6d80000,0x00000000d6dff620,0x00000000d6e00000)
  to   space 6656K, 0% used [0x00000000d6680000,0x00000000d6680000,0x00000000d6d00000)
 ParOldGen       total 389120K, used 306968K [0x0000000080000000, 0x0000000097c00000, 0x00000000d5580000)
  object space 389120K, 78% used [0x0000000080000000,0x0000000092bc63b0,0x0000000097c00000)
 Metaspace       used 84487K, committed 86080K, reserved 1179648K
  class space    used 8700K, committed 9408K, reserved 1048576K
}
Event: 14189.402 GC heap after
{Heap after GC invocations=757 (full 4):
 PSYoungGen      total 19456K, used 2004K [0x00000000d5580000, 0x00000000d6e00000, 0x0000000100000000)
  eden space 17408K, 0% used [0x00000000d5580000,0x00000000d5580000,0x00000000d6680000)
  from space 2048K, 97% used [0x00000000d6680000,0x00000000d6875200,0x00000000d6880000)
  to   space 3584K, 0% used [0x00000000d6a80000,0x00000000d6a80000,0x00000000d6e00000)
 ParOldGen       total 389120K, used 307261K [0x0000000080000000, 0x0000000097c00000, 0x00000000d5580000)
  object space 389120K, 78% used [0x0000000080000000,0x0000000092c0f5b0,0x0000000097c00000)
 Metaspace       used 84487K, committed 86080K, reserved 1179648K
  class space    used 8700K, committed 9408K, reserved 1048576K
}
Event: 14189.436 GC heap before
{Heap before GC invocations=758 (full 4):
 PSYoungGen      total 19456K, used 19412K [0x00000000d5580000, 0x00000000d6e00000, 0x0000000100000000)
  eden space 17408K, 100% used [0x00000000d5580000,0x00000000d6680000,0x00000000d6680000)
  from space 2048K, 97% used [0x00000000d6680000,0x00000000d6875200,0x00000000d6880000)
  to   space 3584K, 0% used [0x00000000d6a80000,0x00000000d6a80000,0x00000000d6e00000)
 ParOldGen       total 389120K, used 307261K [0x0000000080000000, 0x0000000097c00000, 0x00000000d5580000)
  object space 389120K, 78% used [0x0000000080000000,0x0000000092c0f5b0,0x0000000097c00000)
 Metaspace       used 84487K, committed 86080K, reserved 1179648K
  class space    used 8700K, committed 9408K, reserved 1048576K
}
Event: 14189.695 GC heap after
{Heap after GC invocations=758 (full 4):
 PSYoungGen      total 23040K, used 1172K [0x00000000d5580000, 0x00000000d6e00000, 0x0000000100000000)
  eden space 19456K, 0% used [0x00000000d5580000,0x00000000d5580000,0x00000000d6880000)
  from space 3584K, 32% used [0x00000000d6a80000,0x00000000d6ba5200,0x00000000d6e00000)
  to   space 2048K, 0% used [0x00000000d6880000,0x00000000d6880000,0x00000000d6a80000)
 ParOldGen       total 389120K, used 309209K [0x0000000080000000, 0x0000000097c00000, 0x00000000d5580000)
  object space 389120K, 79% used [0x0000000080000000,0x0000000092df67b0,0x0000000097c00000)
 Metaspace       used 84487K, committed 86080K, reserved 1179648K
  class space    used 8700K, committed 9408K, reserved 1048576K
}
Event: 14189.715 GC heap before
{Heap before GC invocations=759 (full 4):
 PSYoungGen      total 23040K, used 20628K [0x00000000d5580000, 0x00000000d6e00000, 0x0000000100000000)
  eden space 19456K, 100% used [0x00000000d5580000,0x00000000d6880000,0x00000000d6880000)
  from space 3584K, 32% used [0x00000000d6a80000,0x00000000d6ba5200,0x00000000d6e00000)
  to   space 2048K, 0% used [0x00000000d6880000,0x00000000d6880000,0x00000000d6a80000)
 ParOldGen       total 389120K, used 309209K [0x0000000080000000, 0x0000000097c00000, 0x00000000d5580000)
  object space 389120K, 79% used [0x0000000080000000,0x0000000092df67b0,0x0000000097c00000)
 Metaspace       used 84493K, committed 86080K, reserved 1179648K
  class space    used 8700K, committed 9408K, reserved 1048576K
}
Event: 14190.139 GC heap after
{Heap after GC invocations=759 (full 4):
 PSYoungGen      total 21504K, used 2025K [0x00000000d5580000, 0x00000000d7880000, 0x0000000100000000)
  eden space 19456K, 0% used [0x00000000d5580000,0x00000000d5580000,0x00000000d6880000)
  from space 2048K, 98% used [0x00000000d6880000,0x00000000d6a7a420,0x00000000d6a80000)
  to   space 6144K, 0% used [0x00000000d7280000,0x00000000d7280000,0x00000000d7880000)
 ParOldGen       total 389120K, used 312407K [0x0000000080000000, 0x0000000097c00000, 0x00000000d5580000)
  object space 389120K, 80% used [0x0000000080000000,0x0000000093115dd0,0x0000000097c00000)
 Metaspace       used 84493K, committed 86080K, reserved 1179648K
  class space    used 8700K, committed 9408K, reserved 1048576K
}
Event: 14190.194 GC heap before
{Heap before GC invocations=760 (full 4):
 PSYoungGen      total 21504K, used 21481K [0x00000000d5580000, 0x00000000d7880000, 0x0000000100000000)
  eden space 19456K, 100% used [0x00000000d5580000,0x00000000d6880000,0x00000000d6880000)
  from space 2048K, 98% used [0x00000000d6880000,0x00000000d6a7a420,0x00000000d6a80000)
  to   space 6144K, 0% used [0x00000000d7280000,0x00000000d7280000,0x00000000d7880000)
 ParOldGen       total 389120K, used 312407K [0x0000000080000000, 0x0000000097c00000, 0x00000000d5580000)
  object space 389120K, 80% used [0x0000000080000000,0x0000000093115dd0,0x0000000097c00000)
 Metaspace       used 84497K, committed 86080K, reserved 1179648K
  class space    used 8700K, committed 9408K, reserved 1048576K
}
Event: 14190.198 GC heap after
{Heap after GC invocations=760 (full 4):
 PSYoungGen      total 28160K, used 4515K [0x00000000d5580000, 0x00000000d7700000, 0x0000000100000000)
  eden space 23552K, 0% used [0x00000000d5580000,0x00000000d5580000,0x00000000d6c80000)
  from space 4608K, 98% used [0x00000000d7280000,0x00000000d76e8fd0,0x00000000d7700000)
  to   space 5120K, 0% used [0x00000000d6d00000,0x00000000d6d00000,0x00000000d7200000)
 ParOldGen       total 389120K, used 312591K [0x0000000080000000, 0x0000000097c00000, 0x00000000d5580000)
  object space 389120K, 80% used [0x0000000080000000,0x0000000093143dd0,0x0000000097c00000)
 Metaspace       used 84497K, committed 86080K, reserved 1179648K
  class space    used 8700K, committed 9408K, reserved 1048576K
}
Event: 14190.314 GC heap before
{Heap before GC invocations=761 (full 4):
 PSYoungGen      total 28160K, used 28067K [0x00000000d5580000, 0x00000000d7700000, 0x0000000100000000)
  eden space 23552K, 100% used [0x00000000d5580000,0x00000000d6c80000,0x00000000d6c80000)
  from space 4608K, 98% used [0x00000000d7280000,0x00000000d76e8fd0,0x00000000d7700000)
  to   space 5120K, 0% used [0x00000000d6d00000,0x00000000d6d00000,0x00000000d7200000)
 ParOldGen       total 389120K, used 312591K [0x0000000080000000, 0x0000000097c00000, 0x00000000d5580000)
  object space 389120K, 80% used [0x0000000080000000,0x0000000093143dd0,0x0000000097c00000)
 Metaspace       used 84497K, committed 86080K, reserved 1179648K
  class space    used 8700K, committed 9408K, reserved 1048576K
}
Event: 14190.353 GC heap after
{Heap after GC invocations=761 (full 4):
 PSYoungGen      total 29184K, used 5114K [0x00000000d5580000, 0x00000000d8080000, 0x0000000100000000)
  eden space 24064K, 0% used [0x00000000d5580000,0x00000000d5580000,0x00000000d6d00000)
  from space 5120K, 99% used [0x00000000d6d00000,0x00000000d71fead8,0x00000000d7200000)
  to   space 7680K, 0% used [0x00000000d7900000,0x00000000d7900000,0x00000000d8080000)
 ParOldGen       total 389120K, used 314538K [0x0000000080000000, 0x0000000097c00000, 0x00000000d5580000)
  object space 389120K, 80% used [0x0000000080000000,0x000000009332a8b8,0x0000000097c00000)
 Metaspace       used 84497K, committed 86080K, reserved 1179648K
  class space    used 8700K, committed 9408K, reserved 1048576K
}
Event: 14190.680 GC heap before
{Heap before GC invocations=762 (full 4):
 PSYoungGen      total 29184K, used 29178K [0x00000000d5580000, 0x00000000d8080000, 0x0000000100000000)
  eden space 24064K, 100% used [0x00000000d5580000,0x00000000d6d00000,0x00000000d6d00000)
  from space 5120K, 99% used [0x00000000d6d00000,0x00000000d71fead8,0x00000000d7200000)
  to   space 7680K, 0% used [0x00000000d7900000,0x00000000d7900000,0x00000000d8080000)
 ParOldGen       total 389120K, used 314538K [0x0000000080000000, 0x0000000097c00000, 0x00000000d5580000)
  object space 389120K, 80% used [0x0000000080000000,0x000000009332a8b8,0x0000000097c00000)
 Metaspace       used 84503K, committed 86080K, reserved 1179648K
  class space    used 8700K, committed 9408K, reserved 1048576K
}
Event: 14191.095 GC heap after
{Heap after GC invocations=762 (full 4):
 PSYoungGen      total 33792K, used 4272K [0x00000000d5580000, 0x00000000d7d80000, 0x0000000100000000)
  eden space 29184K, 0% used [0x00000000d5580000,0x00000000d5580000,0x00000000d7200000)
  from space 4608K, 92% used [0x00000000d7900000,0x00000000d7d2c030,0x00000000d7d80000)
  to   space 5632K, 0% used [0x00000000d7280000,0x00000000d7280000,0x00000000d7800000)
 ParOldGen       total 389120K, used 319724K [0x0000000080000000, 0x0000000097c00000, 0x00000000d5580000)
  object space 389120K, 82% used [0x0000000080000000,0x000000009383b390,0x0000000097c00000)
 Metaspace       used 84503K, committed 86080K, reserved 1179648K
  class space    used 8700K, committed 9408K, reserved 1048576K
}
Event: 14191.110 GC heap before
{Heap before GC invocations=763 (full 4):
 PSYoungGen      total 33792K, used 31544K [0x00000000d5580000, 0x00000000d7d80000, 0x0000000100000000)
  eden space 29184K, 93% used [0x00000000d5580000,0x00000000d70221b8,0x00000000d7200000)
  from space 4608K, 92% used [0x00000000d7900000,0x00000000d7d2c030,0x00000000d7d80000)
  to   space 5632K, 0% used [0x00000000d7280000,0x00000000d7280000,0x00000000d7800000)
 ParOldGen       total 389120K, used 319724K [0x0000000080000000, 0x0000000097c00000, 0x00000000d5580000)
  object space 389120K, 82% used [0x0000000080000000,0x000000009383b390,0x0000000097c00000)
 Metaspace       used 84507K, committed 86144K, reserved 1179648K
  class space    used 8700K, committed 9408K, reserved 1048576K
}
Event: 14191.652 GC heap after
{Heap after GC invocations=763 (full 4):
 PSYoungGen      total 35328K, used 2399K [0x00000000d5580000, 0x00000000d7f00000, 0x0000000100000000)
  eden space 29696K, 0% used [0x00000000d5580000,0x00000000d5580000,0x00000000d7280000)
  from space 5632K, 42% used [0x00000000d7280000,0x00000000d74d7c78,0x00000000d7800000)
  to   space 3584K, 0% used [0x00000000d7b80000,0x00000000d7b80000,0x00000000d7f00000)
 ParOldGen       total 389120K, used 343116K [0x0000000080000000, 0x0000000097c00000, 0x00000000d5580000)
  object space 389120K, 88% used [0x0000000080000000,0x0000000094f133e0,0x0000000097c00000)
 Metaspace       used 84507K, committed 86144K, reserved 1179648K
  class space    used 8700K, committed 9408K, reserved 1048576K
}
Event: 14191.696 GC heap before
{Heap before GC invocations=764 (full 4):
 PSYoungGen      total 35328K, used 32095K [0x00000000d5580000, 0x00000000d7f00000, 0x0000000100000000)
  eden space 29696K, 100% used [0x00000000d5580000,0x00000000d7280000,0x00000000d7280000)
  from space 5632K, 42% used [0x00000000d7280000,0x00000000d74d7c78,0x00000000d7800000)
  to   space 3584K, 0% used [0x00000000d7b80000,0x00000000d7b80000,0x00000000d7f00000)
 ParOldGen       total 389120K, used 343116K [0x0000000080000000, 0x0000000097c00000, 0x00000000d5580000)
  object space 389120K, 88% used [0x0000000080000000,0x0000000094f133e0,0x0000000097c00000)
 Metaspace       used 84536K, committed 86208K, reserved 1179648K
  class space    used 8700K, committed 9408K, reserved 1048576K
}
Event: 14191.700 GC heap after
{Heap after GC invocations=764 (full 4):
 PSYoungGen      total 33792K, used 3567K [0x00000000d5580000, 0x00000000d8980000, 0x0000000100000000)
  eden space 30208K, 0% used [0x00000000d5580000,0x00000000d5580000,0x00000000d7300000)
  from space 3584K, 99% used [0x00000000d7b80000,0x00000000d7efbf00,0x00000000d7f00000)
  to   space 8704K, 0% used [0x00000000d7300000,0x00000000d7300000,0x00000000d7b80000)
 ParOldGen       total 389120K, used 347272K [0x0000000080000000, 0x0000000097c00000, 0x00000000d5580000)
  object space 389120K, 89% used [0x0000000080000000,0x0000000095322190,0x0000000097c00000)
 Metaspace       used 84536K, committed 86208K, reserved 1179648K
  class space    used 8700K, committed 9408K, reserved 1048576K
}
Event: 15027.257 GC heap before
{Heap before GC invocations=765 (full 4):
 PSYoungGen      total 33792K, used 33775K [0x00000000d5580000, 0x00000000d8980000, 0x0000000100000000)
  eden space 30208K, 99% used [0x00000000d5580000,0x00000000d72fffe8,0x00000000d7300000)
  from space 3584K, 99% used [0x00000000d7b80000,0x00000000d7efbf00,0x00000000d7f00000)
  to   space 8704K, 0% used [0x00000000d7300000,0x00000000d7300000,0x00000000d7b80000)
 ParOldGen       total 389120K, used 347272K [0x0000000080000000, 0x0000000097c00000, 0x00000000d5580000)
  object space 389120K, 89% used [0x0000000080000000,0x0000000095322190,0x0000000097c00000)
 Metaspace       used 84653K, committed 86272K, reserved 1179648K
  class space    used 8700K, committed 9408K, reserved 1048576K
}
Event: 15027.259 GC heap after
{Heap after GC invocations=765 (full 4):
 PSYoungGen      total 38912K, used 1472K [0x00000000d5580000, 0x00000000d8100000, 0x0000000100000000)
  eden space 30208K, 0% used [0x00000000d5580000,0x00000000d5580000,0x00000000d7300000)
  from space 8704K, 16% used [0x00000000d7300000,0x00000000d7470040,0x00000000d7b80000)
  to   space 4096K, 0% used [0x00000000d7d00000,0x00000000d7d00000,0x00000000d8100000)
 ParOldGen       total 389120K, used 347672K [0x0000000080000000, 0x0000000097c00000, 0x00000000d5580000)
  object space 389120K, 89% used [0x0000000080000000,0x0000000095386190,0x0000000097c00000)
 Metaspace       used 84653K, committed 86272K, reserved 1179648K
  class space    used 8700K, committed 9408K, reserved 1048576K
}

